<?xml version="1.0" encoding="UTF-8"?>
<robot generator="Robot 7.4.1 (Python 3.11.9 on win32)" generated="2025-12-24T20:13:44.987506" rpa="false" schemaversion="5">
<suite id="s1" name="Invalid Phone Number" source="D:\KKU3-2\SE\LAB4_GIT\TestAutomationLab\Lab4\Invalid_Phone_Number\Invalid_Phone_Number.robot">
<test id="s1-t1" name="Open Workshop Register Page" line="14">
<kw name="Open Browser" owner="SeleniumLibrary">
<msg time="2025-12-24T20:13:45.160795" level="INFO">Opening browser 'chrome' to base url 'http://localhost:7272/Lab4/Registration.html'.</msg>
<arg>${URL}</arg>
<arg>${BROWSER}</arg>
<doc>Opens a new browser instance to the optional ``url``.</doc>
<status status="PASS" start="2025-12-24T20:13:45.160795" elapsed="1.328993"/>
</kw>
<status status="PASS" start="2025-12-24T20:13:45.160795" elapsed="1.328993"/>
</test>
<test id="s1-t2" name="Register Fail Invalid Phone Number" line="17">
<kw name="Input Text" owner="SeleniumLibrary">
<msg time="2025-12-24T20:13:46.490858" level="INFO">Typing text 'Somyod' into text field 'id=firstname'.</msg>
<arg>id=firstname</arg>
<arg>${FIRSTNAME}</arg>
<doc>Types the given ``text`` into the text field identified by ``locator``.</doc>
<status status="PASS" start="2025-12-24T20:13:46.490858" elapsed="0.072980"/>
</kw>
<kw name="Input Text" owner="SeleniumLibrary">
<msg time="2025-12-24T20:13:46.563838" level="INFO">Typing text 'Sodsai' into text field 'id=lastname'.</msg>
<arg>id=lastname</arg>
<arg>${LASTNAME}</arg>
<doc>Types the given ``text`` into the text field identified by ``locator``.</doc>
<status status="PASS" start="2025-12-24T20:13:46.563838" elapsed="0.065165"/>
</kw>
<kw name="Input Text" owner="SeleniumLibrary">
<msg time="2025-12-24T20:13:46.629003" level="INFO">Typing text 'CS KKU' into text field 'id=organization'.</msg>
<arg>id=organization</arg>
<arg>${ORGANNIZATION}</arg>
<doc>Types the given ``text`` into the text field identified by ``locator``.</doc>
<status status="PASS" start="2025-12-24T20:13:46.629003" elapsed="0.064321"/>
</kw>
<kw name="Input Text" owner="SeleniumLibrary">
<msg time="2025-12-24T20:13:46.693324" level="INFO">Typing text 'somyod@kkumail.com' into text field 'id=email'.</msg>
<arg>id=email</arg>
<arg>${EMAIL}</arg>
<doc>Types the given ``text`` into the text field identified by ``locator``.</doc>
<status status="PASS" start="2025-12-24T20:13:46.693324" elapsed="0.081537"/>
</kw>
<kw name="Input Text" owner="SeleniumLibrary">
<msg time="2025-12-24T20:13:46.775860" level="INFO">Typing text '1234' into text field 'id=phone'.</msg>
<arg>id=phone</arg>
<arg>${PHONE}</arg>
<doc>Types the given ``text`` into the text field identified by ``locator``.</doc>
<status status="PASS" start="2025-12-24T20:13:46.775860" elapsed="0.052197"/>
</kw>
<kw name="Click Button" owner="SeleniumLibrary">
<msg time="2025-12-24T20:13:46.828057" level="INFO">Clicking button 'id=registerButton'.</msg>
<arg>id=registerButton</arg>
<doc>Clicks the button identified by ``locator``.</doc>
<status status="PASS" start="2025-12-24T20:13:46.828057" elapsed="0.059790"/>
</kw>
<kw name="Sleep" owner="BuiltIn">
<msg time="2025-12-24T20:13:51.889219" level="INFO">Slept 5 seconds.</msg>
<arg>5s</arg>
<doc>Pauses the test executed for the given time.</doc>
<status status="PASS" start="2025-12-24T20:13:46.887847" elapsed="5.001372"/>
</kw>
<kw name="Close Browser" owner="SeleniumLibrary">
<doc>Closes the current browser.</doc>
<status status="PASS" start="2025-12-24T20:13:51.889219" elapsed="2.115996"/>
</kw>
<status status="PASS" start="2025-12-24T20:13:46.489788" elapsed="7.515427"/>
</test>
<status status="PASS" start="2025-12-24T20:13:44.987506" elapsed="9.017709"/>
</suite>
<statistics>
<total>
<stat pass="2" fail="0" skip="0">All Tests</stat>
</total>
<tag>
</tag>
<suite>
<stat name="Invalid Phone Number" id="s1" pass="2" fail="0" skip="0">Invalid Phone Number</stat>
</suite>
</statistics>
<errors>
</errors>
</robot>
