<?xml version="1.0" encoding="UTF-8"?>
<robot generator="Robot 7.4.1 (Python 3.11.9 on win32)" generated="2025-12-24T20:20:56.487310" rpa="false" schemaversion="5">
<suite id="s1" name="Empty Phone Number" source="D:\KKU3-2\SE\LAB4_GIT\TestAutomationLab\Lab4\Empty_Phone_Number\Empty_Phone_Number.robot">
<test id="s1-t1" name="Open Workshop Register Page" line="12">
<kw name="Open Browser" owner="SeleniumLibrary">
<msg time="2025-12-24T20:20:56.654681" level="INFO">Opening browser 'chrome' to base url 'http://localhost:7272/Lab4/Registration.html'.</msg>
<arg>${URL}</arg>
<arg>${BROWSER}</arg>
<doc>Opens a new browser instance to the optional ``url``.</doc>
<status status="PASS" start="2025-12-24T20:20:56.654681" elapsed="1.171430"/>
</kw>
<status status="PASS" start="2025-12-24T20:20:56.653681" elapsed="1.173427"/>
</test>
<test id="s1-t2" name="Register Fail Empty Phone Number" line="15">
<kw name="Input Text" owner="SeleniumLibrary">
<msg time="2025-12-24T20:20:57.828111" level="INFO">Typing text 'Somyod' into text field 'id=firstname'.</msg>
<arg>id=firstname</arg>
<arg>${FIRSTNAME}</arg>
<doc>Types the given ``text`` into the text field identified by ``locator``.</doc>
<status status="PASS" start="2025-12-24T20:20:57.828111" elapsed="0.089214"/>
</kw>
<kw name="Input Text" owner="SeleniumLibrary">
<msg time="2025-12-24T20:20:57.917909" level="INFO">Typing text 'Sodsai' into text field 'id=lastname'.</msg>
<arg>id=lastname</arg>
<arg>${LASTNAME}</arg>
<doc>Types the given ``text`` into the text field identified by ``locator``.</doc>
<status status="PASS" start="2025-12-24T20:20:57.917909" elapsed="0.081169"/>
</kw>
<kw name="Input Text" owner="SeleniumLibrary">
<msg time="2025-12-24T20:20:58.000077" level="INFO">Typing text 'somyod@kkumail.com' into text field 'id=email'.</msg>
<arg>id=email</arg>
<arg>${EMAIL}</arg>
<doc>Types the given ``text`` into the text field identified by ``locator``.</doc>
<status status="PASS" start="2025-12-24T20:20:58.000077" elapsed="0.070273"/>
</kw>
<kw name="Click Button" owner="SeleniumLibrary">
<msg time="2025-12-24T20:20:58.071856" level="INFO">Clicking button 'id=registerButton'.</msg>
<arg>id=registerButton</arg>
<doc>Clicks the button identified by ``locator``.</doc>
<status status="PASS" start="2025-12-24T20:20:58.070350" elapsed="0.054714"/>
</kw>
<kw name="Sleep" owner="BuiltIn">
<msg time="2025-12-24T20:21:03.125864" level="INFO">Slept 5 seconds.</msg>
<arg>5s</arg>
<doc>Pauses the test executed for the given time.</doc>
<status status="PASS" start="2025-12-24T20:20:58.125604" elapsed="5.000260"/>
</kw>
<kw name="Close Browser" owner="SeleniumLibrary">
<doc>Closes the current browser.</doc>
<status status="PASS" start="2025-12-24T20:21:03.125864" elapsed="2.119134"/>
</kw>
<status status="PASS" start="2025-12-24T20:20:57.827108" elapsed="7.418627"/>
</test>
<status status="PASS" start="2025-12-24T20:20:56.488310" elapsed="8.757717"/>
</suite>
<statistics>
<total>
<stat pass="2" fail="0" skip="0">All Tests</stat>
</total>
<tag>
</tag>
<suite>
<stat name="Empty Phone Number" id="s1" pass="2" fail="0" skip="0">Empty Phone Number</stat>
</suite>
</statistics>
<errors>
</errors>
</robot>
