<?xml version="1.0" encoding="UTF-8"?>
<robot generator="Robot 7.4.1 (Python 3.11.9 on win32)" generated="2025-12-24T20:24:42.132225" rpa="false" schemaversion="5">
<suite id="s1" name="Register Success No Organization Info" source="D:\KKU3-2\SE\LAB4_GIT\TestAutomationLab\Lab4\Register_Success_No_Organization_Info\Register_Success_No_Organization_Info.robot">
<test id="s1-t1" name="Open Workshop Register Page" line="13">
<kw name="Open Browser" owner="SeleniumLibrary">
<msg time="2025-12-24T20:24:42.297191" level="INFO">Opening browser 'chrome' to base url 'http://localhost:7272/Lab4/Registration.html'.</msg>
<arg>${URL}</arg>
<arg>${BROWSER}</arg>
<doc>Opens a new browser instance to the optional ``url``.</doc>
<status status="PASS" start="2025-12-24T20:24:42.297191" elapsed="1.182564"/>
</kw>
<status status="PASS" start="2025-12-24T20:24:42.296189" elapsed="1.184566"/>
</test>
<test id="s1-t2" name="Register Success No Organization Info" line="16">
<kw name="Input Text" owner="SeleniumLibrary">
<msg time="2025-12-24T20:24:43.482050" level="INFO">Typing text 'Somyod' into text field 'id=firstname'.</msg>
<arg>id=firstname</arg>
<arg>${FIRSTNAME}</arg>
<doc>Types the given ``text`` into the text field identified by ``locator``.</doc>
<status status="PASS" start="2025-12-24T20:24:43.482050" elapsed="0.082583"/>
</kw>
<kw name="Input Text" owner="SeleniumLibrary">
<msg time="2025-12-24T20:24:43.565632" level="INFO">Typing text 'Sodsai' into text field 'id=lastname'.</msg>
<arg>id=lastname</arg>
<arg>${LASTNAME}</arg>
<doc>Types the given ``text`` into the text field identified by ``locator``.</doc>
<status status="PASS" start="2025-12-24T20:24:43.565632" elapsed="0.057954"/>
</kw>
<kw name="Input Text" owner="SeleniumLibrary">
<msg time="2025-12-24T20:24:43.624946" level="INFO">Typing text 'somyod@kkumail.com' into text field 'id=email'.</msg>
<arg>id=email</arg>
<arg>${EMAIL}</arg>
<doc>Types the given ``text`` into the text field identified by ``locator``.</doc>
<status status="PASS" start="2025-12-24T20:24:43.623586" elapsed="0.102772"/>
</kw>
<kw name="Input Text" owner="SeleniumLibrary">
<msg time="2025-12-24T20:24:43.727363" level="INFO">Typing text '091-001-1234' into text field 'id=phone'.</msg>
<arg>id=phone</arg>
<arg>${PHONE}</arg>
<doc>Types the given ``text`` into the text field identified by ``locator``.</doc>
<status status="PASS" start="2025-12-24T20:24:43.727363" elapsed="0.059214"/>
</kw>
<kw name="Click Button" owner="SeleniumLibrary">
<msg time="2025-12-24T20:24:43.786577" level="INFO">Clicking button 'id=registerButton'.</msg>
<arg>id=registerButton</arg>
<doc>Clicks the button identified by ``locator``.</doc>
<status status="PASS" start="2025-12-24T20:24:43.786577" elapsed="0.069023"/>
</kw>
<kw name="Sleep" owner="BuiltIn">
<msg time="2025-12-24T20:24:48.855831" level="INFO">Slept 5 seconds.</msg>
<arg>5s</arg>
<doc>Pauses the test executed for the given time.</doc>
<status status="PASS" start="2025-12-24T20:24:43.855600" elapsed="5.000231"/>
</kw>
<kw name="Close Browser" owner="SeleniumLibrary">
<doc>Closes the current browser.</doc>
<status status="PASS" start="2025-12-24T20:24:48.856349" elapsed="2.200400"/>
</kw>
<status status="PASS" start="2025-12-24T20:24:43.480755" elapsed="7.575994"/>
</test>
<status status="PASS" start="2025-12-24T20:24:42.134229" elapsed="8.923521"/>
</suite>
<statistics>
<total>
<stat pass="2" fail="0" skip="0">All Tests</stat>
</total>
<tag>
</tag>
<suite>
<stat name="Register Success No Organization Info" id="s1" pass="2" fail="0" skip="0">Register Success No Organization Info</stat>
</suite>
</statistics>
<errors>
</errors>
</robot>
