<?xml version="1.0" encoding="UTF-8"?>
<robot generator="Robot 7.4.1 (Python 3.11.9 on win32)" generated="2025-12-30T19:29:11.594655" rpa="false" schemaversion="5">
<suite id="s1" name="Register Fail" source="D:\KKU3-2\SE\LAB4_GIT\TestAutomationLab\Lab4\Register_Fail\Register_Fail.robot">
<test id="s1-t1" name="Open Workshop Register Page" line="15">
<kw name="Open Browser" owner="SeleniumLibrary">
<msg time="2025-12-30T19:29:11.754143" level="INFO">Opening browser 'chrome' to base url 'http://localhost:7272/Lab4/Registration.html'.</msg>
<arg>${URL}</arg>
<arg>${BROWSER}</arg>
<doc>Opens a new browser instance to the optional ``url``.</doc>
<status status="PASS" start="2025-12-30T19:29:11.754143" elapsed="1.274894"/>
</kw>
<status status="PASS" start="2025-12-30T19:29:11.753195" elapsed="1.275842"/>
</test>
<test id="s1-t2" name="Register Fail Empty First Name" line="18">
<kw name="Input Text" owner="SeleniumLibrary">
<msg time="2025-12-30T19:29:13.031033" level="INFO">Typing text 'Sodsai' into text field 'id=lastname'.</msg>
<arg>id=lastname</arg>
<arg>${LASTNAME}</arg>
<doc>Types the given ``text`` into the text field identified by ``locator``.</doc>
<status status="PASS" start="2025-12-30T19:29:13.030203" elapsed="0.095591"/>
</kw>
<kw name="Input Text" owner="SeleniumLibrary">
<msg time="2025-12-30T19:29:13.128302" level="INFO">Typing text 'CS KKU' into text field 'id=organization'.</msg>
<arg>id=organization</arg>
<arg>${ORGANNIZATION}</arg>
<doc>Types the given ``text`` into the text field identified by ``locator``.</doc>
<status status="PASS" start="2025-12-30T19:29:13.126796" elapsed="0.061594"/>
</kw>
<kw name="Input Text" owner="SeleniumLibrary">
<msg time="2025-12-30T19:29:13.190574" level="INFO">Typing text 'somyod@kkumail.com' into text field 'id=email'.</msg>
<arg>id=email</arg>
<arg>${EMAIL}</arg>
<doc>Types the given ``text`` into the text field identified by ``locator``.</doc>
<status status="PASS" start="2025-12-30T19:29:13.190059" elapsed="0.067204"/>
</kw>
<kw name="Input Text" owner="SeleniumLibrary">
<msg time="2025-12-30T19:29:13.258269" level="INFO">Typing text '091-001-1234' into text field 'id=phone'.</msg>
<arg>id=phone</arg>
<arg>${PHONE}</arg>
<doc>Types the given ``text`` into the text field identified by ``locator``.</doc>
<status status="PASS" start="2025-12-30T19:29:13.257263" elapsed="0.059491"/>
</kw>
<kw name="Click Button" owner="SeleniumLibrary">
<msg time="2025-12-30T19:29:13.318259" level="INFO">Clicking button 'id=registerButton'.</msg>
<arg>id=registerButton</arg>
<doc>Clicks the button identified by ``locator``.</doc>
<status status="PASS" start="2025-12-30T19:29:13.318259" elapsed="0.052861"/>
</kw>
<kw name="Sleep" owner="BuiltIn">
<msg time="2025-12-30T19:29:18.372156" level="INFO">Slept 5 seconds.</msg>
<arg>5s</arg>
<doc>Pauses the test executed for the given time.</doc>
<status status="PASS" start="2025-12-30T19:29:13.371120" elapsed="5.001036"/>
</kw>
<kw name="Close Browser" owner="SeleniumLibrary">
<doc>Closes the current browser.</doc>
<status status="PASS" start="2025-12-30T19:29:18.373183" elapsed="2.119270"/>
</kw>
<status status="PASS" start="2025-12-30T19:29:13.030203" elapsed="7.463244"/>
</test>
<test id="s1-t3" name="Open Workshop Register Page" line="27">
<kw name="Open Browser" owner="SeleniumLibrary">
<msg time="2025-12-30T19:29:20.496456" level="INFO">Opening browser 'chrome' to base url 'http://localhost:7272/Lab4/Registration.html'.</msg>
<arg>${URL}</arg>
<arg>${BROWSER}</arg>
<doc>Opens a new browser instance to the optional ``url``.</doc>
<status status="PASS" start="2025-12-30T19:29:20.495446" elapsed="1.214367"/>
</kw>
<status status="PASS" start="2025-12-30T19:29:20.494449" elapsed="1.215364"/>
</test>
<test id="s1-t4" name="Register Fail Empty Last Name" line="30">
<kw name="Input Text" owner="SeleniumLibrary">
<msg time="2025-12-30T19:29:21.711343" level="INFO">Typing text 'Somyod' into text field 'id=firstname'.</msg>
<arg>id=firstname</arg>
<arg>${FIRSTNAME}</arg>
<doc>Types the given ``text`` into the text field identified by ``locator``.</doc>
<status status="PASS" start="2025-12-30T19:29:21.710822" elapsed="0.101797"/>
</kw>
<kw name="Input Text" owner="SeleniumLibrary">
<msg time="2025-12-30T19:29:21.812619" level="INFO">Typing text 'CS KKU' into text field 'id=organization'.</msg>
<arg>id=organization</arg>
<arg>${ORGANNIZATION}</arg>
<doc>Types the given ``text`` into the text field identified by ``locator``.</doc>
<status status="PASS" start="2025-12-30T19:29:21.812619" elapsed="0.060143"/>
</kw>
<kw name="Input Text" owner="SeleniumLibrary">
<msg time="2025-12-30T19:29:21.873739" level="INFO">Typing text 'somyod@kkumail.com' into text field 'id=email'.</msg>
<arg>id=email</arg>
<arg>${EMAIL}</arg>
<doc>Types the given ``text`` into the text field identified by ``locator``.</doc>
<status status="PASS" start="2025-12-30T19:29:21.873739" elapsed="0.067882"/>
</kw>
<kw name="Input Text" owner="SeleniumLibrary">
<msg time="2025-12-30T19:29:21.942639" level="INFO">Typing text '091-001-1234' into text field 'id=phone'.</msg>
<arg>id=phone</arg>
<arg>${PHONE}</arg>
<doc>Types the given ``text`` into the text field identified by ``locator``.</doc>
<status status="PASS" start="2025-12-30T19:29:21.942639" elapsed="0.068904"/>
</kw>
<kw name="Click Button" owner="SeleniumLibrary">
<msg time="2025-12-30T19:29:22.012558" level="INFO">Clicking button 'id=registerButton'.</msg>
<arg>id=registerButton</arg>
<doc>Clicks the button identified by ``locator``.</doc>
<status status="PASS" start="2025-12-30T19:29:22.012558" elapsed="0.058721"/>
</kw>
<kw name="Sleep" owner="BuiltIn">
<msg time="2025-12-30T19:29:27.072301" level="INFO">Slept 5 seconds.</msg>
<arg>5s</arg>
<doc>Pauses the test executed for the given time.</doc>
<status status="PASS" start="2025-12-30T19:29:22.071279" elapsed="5.001022"/>
</kw>
<kw name="Close Browser" owner="SeleniumLibrary">
<doc>Closes the current browser.</doc>
<status status="PASS" start="2025-12-30T19:29:27.073314" elapsed="2.121454"/>
</kw>
<status status="PASS" start="2025-12-30T19:29:21.709813" elapsed="7.485910"/>
</test>
<test id="s1-t5" name="Open Workshop Register Page" line="39">
<kw name="Open Browser" owner="SeleniumLibrary">
<msg time="2025-12-30T19:29:29.198712" level="INFO">Opening browser 'chrome' to base url 'http://localhost:7272/Lab4/Registration.html'.</msg>
<arg>${URL}</arg>
<arg>${BROWSER}</arg>
<doc>Opens a new browser instance to the optional ``url``.</doc>
<status status="PASS" start="2025-12-30T19:29:29.198712" elapsed="1.243504"/>
</kw>
<status status="PASS" start="2025-12-30T19:29:29.196711" elapsed="1.245505"/>
</test>
<test id="s1-t6" name="Register Fail Empty First Name And Last Name" line="42">
<kw name="Input Text" owner="SeleniumLibrary">
<msg time="2025-12-30T19:29:30.443220" level="INFO">Typing text 'CS KKU' into text field 'id=organization'.</msg>
<arg>id=organization</arg>
<arg>${ORGANNIZATION}</arg>
<doc>Types the given ``text`` into the text field identified by ``locator``.</doc>
<status status="PASS" start="2025-12-30T19:29:30.443220" elapsed="0.117735"/>
</kw>
<kw name="Input Text" owner="SeleniumLibrary">
<msg time="2025-12-30T19:29:30.561959" level="INFO">Typing text 'somyod@kkumail.com' into text field 'id=email'.</msg>
<arg>id=email</arg>
<arg>${EMAIL}</arg>
<doc>Types the given ``text`` into the text field identified by ``locator``.</doc>
<status status="PASS" start="2025-12-30T19:29:30.561959" elapsed="0.071450"/>
</kw>
<kw name="Input Text" owner="SeleniumLibrary">
<msg time="2025-12-30T19:29:30.634629" level="INFO">Typing text '091-001-1234' into text field 'id=phone'.</msg>
<arg>id=phone</arg>
<arg>${PHONE}</arg>
<doc>Types the given ``text`` into the text field identified by ``locator``.</doc>
<status status="PASS" start="2025-12-30T19:29:30.634629" elapsed="0.075187"/>
</kw>
<kw name="Click Button" owner="SeleniumLibrary">
<msg time="2025-12-30T19:29:30.709816" level="INFO">Clicking button 'id=registerButton'.</msg>
<arg>id=registerButton</arg>
<doc>Clicks the button identified by ``locator``.</doc>
<status status="PASS" start="2025-12-30T19:29:30.709816" elapsed="0.051324"/>
</kw>
<kw name="Sleep" owner="BuiltIn">
<msg time="2025-12-30T19:29:35.762297" level="INFO">Slept 5 seconds.</msg>
<arg>5s</arg>
<doc>Pauses the test executed for the given time.</doc>
<status status="PASS" start="2025-12-30T19:29:30.761140" elapsed="5.001157"/>
</kw>
<kw name="Close Browser" owner="SeleniumLibrary">
<doc>Closes the current browser.</doc>
<status status="PASS" start="2025-12-30T19:29:35.763314" elapsed="2.106625"/>
</kw>
<status status="PASS" start="2025-12-30T19:29:30.442216" elapsed="7.427723"/>
</test>
<test id="s1-t7" name="Open Workshop Register Page" line="50">
<kw name="Open Browser" owner="SeleniumLibrary">
<msg time="2025-12-30T19:29:37.872486" level="INFO">Opening browser 'chrome' to base url 'http://localhost:7272/Lab4/Registration.html'.</msg>
<arg>${URL}</arg>
<arg>${BROWSER}</arg>
<doc>Opens a new browser instance to the optional ``url``.</doc>
<status status="PASS" start="2025-12-30T19:29:37.872486" elapsed="1.194408"/>
</kw>
<status status="PASS" start="2025-12-30T19:29:37.871482" elapsed="1.195412"/>
</test>
<test id="s1-t8" name="Register Fail Empty Email" line="53">
<kw name="Input Text" owner="SeleniumLibrary">
<msg time="2025-12-30T19:29:39.068318" level="INFO">Typing text 'Somyod' into text field 'id=firstname'.</msg>
<arg>id=firstname</arg>
<arg>${FIRSTNAME}</arg>
<doc>Types the given ``text`` into the text field identified by ``locator``.</doc>
<status status="PASS" start="2025-12-30T19:29:39.068318" elapsed="0.079846"/>
</kw>
<kw name="Input Text" owner="SeleniumLibrary">
<msg time="2025-12-30T19:29:39.149310" level="INFO">Typing text 'Sodsai' into text field 'id=lastname'.</msg>
<arg>id=lastname</arg>
<arg>${LASTNAME}</arg>
<doc>Types the given ``text`` into the text field identified by ``locator``.</doc>
<status status="PASS" start="2025-12-30T19:29:39.148164" elapsed="0.061932"/>
</kw>
<kw name="Input Text" owner="SeleniumLibrary">
<msg time="2025-12-30T19:29:39.210602" level="INFO">Typing text 'CS KKU' into text field 'id=organization'.</msg>
<arg>id=organization</arg>
<arg>${ORGANNIZATION}</arg>
<doc>Types the given ``text`` into the text field identified by ``locator``.</doc>
<status status="PASS" start="2025-12-30T19:29:39.210096" elapsed="0.061156"/>
</kw>
<kw name="Input Text" owner="SeleniumLibrary">
<msg time="2025-12-30T19:29:39.272753" level="INFO">Typing text '091-001-1234' into text field 'id=phone'.</msg>
<arg>id=phone</arg>
<arg>${PHONE}</arg>
<doc>Types the given ``text`` into the text field identified by ``locator``.</doc>
<status status="PASS" start="2025-12-30T19:29:39.271252" elapsed="0.065680"/>
</kw>
<kw name="Click Button" owner="SeleniumLibrary">
<msg time="2025-12-30T19:29:39.337928" level="INFO">Clicking button 'id=registerButton'.</msg>
<arg>id=registerButton</arg>
<doc>Clicks the button identified by ``locator``.</doc>
<status status="PASS" start="2025-12-30T19:29:39.336932" elapsed="0.056822"/>
</kw>
<kw name="Sleep" owner="BuiltIn">
<msg time="2025-12-30T19:29:44.394191" level="INFO">Slept 5 seconds.</msg>
<arg>5s</arg>
<doc>Pauses the test executed for the given time.</doc>
<status status="PASS" start="2025-12-30T19:29:39.393754" elapsed="5.000437"/>
</kw>
<kw name="Close Browser" owner="SeleniumLibrary">
<doc>Closes the current browser.</doc>
<status status="PASS" start="2025-12-30T19:29:44.395256" elapsed="2.203859"/>
</kw>
<status status="PASS" start="2025-12-30T19:29:39.066894" elapsed="7.532221"/>
</test>
<test id="s1-t9" name="Open Workshop Register Page" line="62">
<kw name="Open Browser" owner="SeleniumLibrary">
<msg time="2025-12-30T19:29:46.600771" level="INFO">Opening browser 'chrome' to base url 'http://localhost:7272/Lab4/Registration.html'.</msg>
<arg>${URL}</arg>
<arg>${BROWSER}</arg>
<doc>Opens a new browser instance to the optional ``url``.</doc>
<status status="PASS" start="2025-12-30T19:29:46.600771" elapsed="1.174275"/>
</kw>
<status status="PASS" start="2025-12-30T19:29:46.600208" elapsed="1.175847"/>
</test>
<test id="s1-t10" name="Register Fail Empty Phone Number" line="65">
<kw name="Input Text" owner="SeleniumLibrary">
<msg time="2025-12-30T19:29:47.777074" level="INFO">Typing text 'Somyod' into text field 'id=firstname'.</msg>
<arg>id=firstname</arg>
<arg>${FIRSTNAME}</arg>
<doc>Types the given ``text`` into the text field identified by ``locator``.</doc>
<status status="PASS" start="2025-12-30T19:29:47.777074" elapsed="0.088246"/>
</kw>
<kw name="Input Text" owner="SeleniumLibrary">
<msg time="2025-12-30T19:29:47.866321" level="INFO">Typing text 'Sodsai' into text field 'id=lastname'.</msg>
<arg>id=lastname</arg>
<arg>${LASTNAME}</arg>
<doc>Types the given ``text`` into the text field identified by ``locator``.</doc>
<status status="PASS" start="2025-12-30T19:29:47.866321" elapsed="0.060306"/>
</kw>
<kw name="Input Text" owner="SeleniumLibrary">
<msg time="2025-12-30T19:29:47.928083" level="INFO">Typing text 'somyod@kkumail.com' into text field 'id=email'.</msg>
<arg>id=email</arg>
<arg>${EMAIL}</arg>
<doc>Types the given ``text`` into the text field identified by ``locator``.</doc>
<status status="PASS" start="2025-12-30T19:29:47.926627" elapsed="0.075114"/>
</kw>
<kw name="Click Button" owner="SeleniumLibrary">
<msg time="2025-12-30T19:29:48.003002" level="INFO">Clicking button 'id=registerButton'.</msg>
<arg>id=registerButton</arg>
<doc>Clicks the button identified by ``locator``.</doc>
<status status="PASS" start="2025-12-30T19:29:48.001741" elapsed="0.054918"/>
</kw>
<kw name="Sleep" owner="BuiltIn">
<msg time="2025-12-30T19:29:53.058218" level="INFO">Slept 5 seconds.</msg>
<arg>5s</arg>
<doc>Pauses the test executed for the given time.</doc>
<status status="PASS" start="2025-12-30T19:29:48.057659" elapsed="5.000559"/>
</kw>
<kw name="Close Browser" owner="SeleniumLibrary">
<doc>Closes the current browser.</doc>
<status status="PASS" start="2025-12-30T19:29:53.058689" elapsed="2.187727"/>
</kw>
<status status="PASS" start="2025-12-30T19:29:47.776055" elapsed="7.471358"/>
</test>
<test id="s1-t11" name="Open Workshop Register Page" line="73">
<kw name="Open Browser" owner="SeleniumLibrary">
<msg time="2025-12-30T19:29:55.250825" level="INFO">Opening browser 'chrome' to base url 'http://localhost:7272/Lab4/Registration.html'.</msg>
<arg>${URL}</arg>
<arg>${BROWSER}</arg>
<doc>Opens a new browser instance to the optional ``url``.</doc>
<status status="PASS" start="2025-12-30T19:29:55.249810" elapsed="1.201902"/>
</kw>
<status status="PASS" start="2025-12-30T19:29:55.248799" elapsed="1.202913"/>
</test>
<test id="s1-t12" name="Register Fail Invalid Phone Number" line="76">
<kw name="Input Text" owner="SeleniumLibrary">
<msg time="2025-12-30T19:29:56.453712" level="INFO">Typing text 'Somyod' into text field 'id=firstname'.</msg>
<arg>id=firstname</arg>
<arg>${FIRSTNAME}</arg>
<doc>Types the given ``text`` into the text field identified by ``locator``.</doc>
<status status="PASS" start="2025-12-30T19:29:56.452712" elapsed="0.081264"/>
</kw>
<kw name="Input Text" owner="SeleniumLibrary">
<msg time="2025-12-30T19:29:56.534975" level="INFO">Typing text 'Sodsai' into text field 'id=lastname'.</msg>
<arg>id=lastname</arg>
<arg>${LASTNAME}</arg>
<doc>Types the given ``text`` into the text field identified by ``locator``.</doc>
<status status="PASS" start="2025-12-30T19:29:56.533976" elapsed="0.066202"/>
</kw>
<kw name="Input Text" owner="SeleniumLibrary">
<msg time="2025-12-30T19:29:56.600684" level="INFO">Typing text 'CS KKU' into text field 'id=organization'.</msg>
<arg>id=organization</arg>
<arg>${ORGANNIZATION}</arg>
<doc>Types the given ``text`` into the text field identified by ``locator``.</doc>
<status status="PASS" start="2025-12-30T19:29:56.600684" elapsed="0.060162"/>
</kw>
<kw name="Input Text" owner="SeleniumLibrary">
<msg time="2025-12-30T19:29:56.660846" level="INFO">Typing text 'somyod@kkumail.com' into text field 'id=email'.</msg>
<arg>id=email</arg>
<arg>${EMAIL}</arg>
<doc>Types the given ``text`` into the text field identified by ``locator``.</doc>
<status status="PASS" start="2025-12-30T19:29:56.660846" elapsed="0.073487"/>
</kw>
<kw name="Input Text" owner="SeleniumLibrary">
<msg time="2025-12-30T19:29:56.735341" level="INFO">Typing text '091-001-1234' into text field 'id=phone'.</msg>
<arg>id=phone</arg>
<arg>${PHONE}</arg>
<doc>Types the given ``text`` into the text field identified by ``locator``.</doc>
<status status="PASS" start="2025-12-30T19:29:56.735341" elapsed="0.075364"/>
</kw>
<kw name="Click Button" owner="SeleniumLibrary">
<msg time="2025-12-30T19:29:56.810705" level="INFO">Clicking button 'id=registerButton'.</msg>
<arg>id=registerButton</arg>
<doc>Clicks the button identified by ``locator``.</doc>
<status status="PASS" start="2025-12-30T19:29:56.810705" elapsed="0.075591"/>
</kw>
<kw name="Sleep" owner="BuiltIn">
<msg time="2025-12-30T19:30:01.887861" level="INFO">Slept 5 seconds.</msg>
<arg>5s</arg>
<doc>Pauses the test executed for the given time.</doc>
<status status="PASS" start="2025-12-30T19:29:56.886296" elapsed="5.001565"/>
</kw>
<kw name="Close Browser" owner="SeleniumLibrary">
<doc>Closes the current browser.</doc>
<status status="PASS" start="2025-12-30T19:30:01.888551" elapsed="2.081555"/>
</kw>
<status status="PASS" start="2025-12-30T19:29:56.452712" elapsed="7.518095"/>
</test>
<status status="PASS" start="2025-12-30T19:29:11.595642" elapsed="52.375570"/>
</suite>
<statistics>
<total>
<stat pass="12" fail="0" skip="0">All Tests</stat>
</total>
<tag>
</tag>
<suite>
<stat name="Register Fail" id="s1" pass="12" fail="0" skip="0">Register Fail</stat>
</suite>
</statistics>
<errors>
<msg time="2025-12-30T19:29:20.494449" level="WARN">Multiple tests with name 'Open Workshop Register Page' executed in suite 'Register Fail'.</msg>
<msg time="2025-12-30T19:29:29.196711" level="WARN">Multiple tests with name 'Open Workshop Register Page' executed in suite 'Register Fail'.</msg>
<msg time="2025-12-30T19:29:37.871482" level="WARN">Multiple tests with name 'Open Workshop Register Page' executed in suite 'Register Fail'.</msg>
<msg time="2025-12-30T19:29:46.600208" level="WARN">Multiple tests with name 'Open Workshop Register Page' executed in suite 'Register Fail'.</msg>
<msg time="2025-12-30T19:29:55.248799" level="WARN">Multiple tests with name 'Open Workshop Register Page' executed in suite 'Register Fail'.</msg>
</errors>
</robot>
