<?xml version="1.0" encoding="UTF-8"?>
<robot generator="Robot 7.4.1 (Python 3.11.9 on win32)" generated="2025-12-24T20:16:48.347923" rpa="false" schemaversion="5">
<suite id="s1" name="Empty First Name" source="D:\KKU3-2\SE\LAB4_GIT\TestAutomationLab\Lab4\Empty_First_Name\Empty_First_Name.robot">
<test id="s1-t1" name="Open Workshop Register Page" line="13">
<kw name="Open Browser" owner="SeleniumLibrary">
<msg time="2025-12-24T20:16:48.500910" level="INFO">Opening browser 'chrome' to base url 'http://localhost:7272/Lab4/Registration.html'.</msg>
<arg>${URL}</arg>
<arg>${BROWSER}</arg>
<doc>Opens a new browser instance to the optional ``url``.</doc>
<status status="PASS" start="2025-12-24T20:16:48.500910" elapsed="1.221502"/>
</kw>
<status status="PASS" start="2025-12-24T20:16:48.500910" elapsed="1.221502"/>
</test>
<test id="s1-t2" name="Register Fail Empty First Name" line="16">
<kw name="Input Text" owner="SeleniumLibrary">
<msg time="2025-12-24T20:16:49.724411" level="INFO">Typing text 'Sodsai' into text field 'id=lastname'.</msg>
<arg>id=lastname</arg>
<arg>${LASTNAME}</arg>
<doc>Types the given ``text`` into the text field identified by ``locator``.</doc>
<status status="PASS" start="2025-12-24T20:16:49.723410" elapsed="0.080723"/>
</kw>
<kw name="Input Text" owner="SeleniumLibrary">
<msg time="2025-12-24T20:16:49.804133" level="INFO">Typing text 'CS KKU' into text field 'id=organization'.</msg>
<arg>id=organization</arg>
<arg>${ORGANNIZATION}</arg>
<doc>Types the given ``text`` into the text field identified by ``locator``.</doc>
<status status="PASS" start="2025-12-24T20:16:49.804133" elapsed="0.061078"/>
</kw>
<kw name="Input Text" owner="SeleniumLibrary">
<msg time="2025-12-24T20:16:49.865211" level="INFO">Typing text 'somyod@kkumail.com' into text field 'id=email'.</msg>
<arg>id=email</arg>
<arg>${EMAIL}</arg>
<doc>Types the given ``text`` into the text field identified by ``locator``.</doc>
<status status="PASS" start="2025-12-24T20:16:49.865211" elapsed="0.065364"/>
</kw>
<kw name="Input Text" owner="SeleniumLibrary">
<msg time="2025-12-24T20:16:49.931710" level="INFO">Typing text '091-001-1234' into text field 'id=phone'.</msg>
<arg>id=phone</arg>
<arg>${PHONE}</arg>
<doc>Types the given ``text`` into the text field identified by ``locator``.</doc>
<status status="PASS" start="2025-12-24T20:16:49.931710" elapsed="0.080194"/>
</kw>
<kw name="Click Button" owner="SeleniumLibrary">
<msg time="2025-12-24T20:16:50.011904" level="INFO">Clicking button 'id=registerButton'.</msg>
<arg>id=registerButton</arg>
<doc>Clicks the button identified by ``locator``.</doc>
<status status="PASS" start="2025-12-24T20:16:50.011904" elapsed="0.055080"/>
</kw>
<kw name="Sleep" owner="BuiltIn">
<msg time="2025-12-24T20:16:55.067402" level="INFO">Slept 5 seconds.</msg>
<arg>5s</arg>
<doc>Pauses the test executed for the given time.</doc>
<status status="PASS" start="2025-12-24T20:16:50.066984" elapsed="5.000418"/>
</kw>
<kw name="Close Browser" owner="SeleniumLibrary">
<doc>Closes the current browser.</doc>
<status status="PASS" start="2025-12-24T20:16:55.067402" elapsed="2.113633"/>
</kw>
<status status="PASS" start="2025-12-24T20:16:49.723410" elapsed="7.457625"/>
</test>
<status status="PASS" start="2025-12-24T20:16:48.347923" elapsed="8.833112"/>
</suite>
<statistics>
<total>
<stat pass="2" fail="0" skip="0">All Tests</stat>
</total>
<tag>
</tag>
<suite>
<stat name="Empty First Name" id="s1" pass="2" fail="0" skip="0">Empty First Name</stat>
</suite>
</statistics>
<errors>
</errors>
</robot>
