<?xml version="1.0" encoding="UTF-8"?>
<robot generator="Robot 7.4.1 (Python 3.11.9 on win32)" generated="2025-12-24T21:14:20.358249" rpa="false" schemaversion="5">
<suite id="s1" name="Register Success" source="D:\KKU3-2\SE\LAB4_GIT\TestAutomationLab\Lab4\Register_Success\Register_Success.robot">
<test id="s1-t1" name="Open Workshop Register Page" line="14">
<kw name="Open Browser" owner="SeleniumLibrary">
<msg time="2025-12-24T21:14:20.526207" level="INFO">Opening browser 'chrome' to base url 'http://localhost:7272/Lab4/Registration.html'.</msg>
<arg>${URL}</arg>
<arg>${BROWSER}</arg>
<doc>Opens a new browser instance to the optional ``url``.</doc>
<status status="PASS" start="2025-12-24T21:14:20.526207" elapsed="1.218739"/>
</kw>
<status status="PASS" start="2025-12-24T21:14:20.524905" elapsed="1.220041"/>
</test>
<test id="s1-t2" name="Register Success" line="17">
<kw name="Input Text" owner="SeleniumLibrary">
<msg time="2025-12-24T21:14:21.746256" level="INFO">Typing text 'Somyod' into text field 'id=firstname'.</msg>
<arg>id=firstname</arg>
<arg>${FIRSTNAME}</arg>
<doc>Types the given ``text`` into the text field identified by ``locator``.</doc>
<status status="PASS" start="2025-12-24T21:14:21.746256" elapsed="0.117145"/>
</kw>
<kw name="Input Text" owner="SeleniumLibrary">
<msg time="2025-12-24T21:14:21.865913" level="INFO">Typing text 'Sodsai' into text field 'id=lastname'.</msg>
<arg>id=lastname</arg>
<arg>${LASTNAME}</arg>
<doc>Types the given ``text`` into the text field identified by ``locator``.</doc>
<status status="PASS" start="2025-12-24T21:14:21.864907" elapsed="0.059757"/>
</kw>
<kw name="Input Text" owner="SeleniumLibrary">
<msg time="2025-12-24T21:14:21.926048" level="INFO">Typing text 'CS KKU' into text field 'id=organization'.</msg>
<arg>id=organization</arg>
<arg>${ORGANNIZATION}</arg>
<doc>Types the given ``text`` into the text field identified by ``locator``.</doc>
<status status="PASS" start="2025-12-24T21:14:21.924664" elapsed="0.071942"/>
</kw>
<kw name="Input Text" owner="SeleniumLibrary">
<msg time="2025-12-24T21:14:21.998097" level="INFO">Typing text 'somyod@kkumail.com' into text field 'id=email'.</msg>
<arg>id=email</arg>
<arg>${EMAIL}</arg>
<doc>Types the given ``text`` into the text field identified by ``locator``.</doc>
<status status="PASS" start="2025-12-24T21:14:21.998097" elapsed="0.069872"/>
</kw>
<kw name="Input Text" owner="SeleniumLibrary">
<msg time="2025-12-24T21:14:22.069447" level="INFO">Typing text '091-001-1234' into text field 'id=phone'.</msg>
<arg>id=phone</arg>
<arg>${PHONE}</arg>
<doc>Types the given ``text`` into the text field identified by ``locator``.</doc>
<status status="PASS" start="2025-12-24T21:14:22.067969" elapsed="0.064337"/>
</kw>
<kw name="Click Button" owner="SeleniumLibrary">
<msg time="2025-12-24T21:14:22.132306" level="INFO">Clicking button 'id=registerButton'.</msg>
<arg>id=registerButton</arg>
<doc>Clicks the button identified by ``locator``.</doc>
<status status="PASS" start="2025-12-24T21:14:22.132306" elapsed="0.059764"/>
</kw>
<kw name="Sleep" owner="BuiltIn">
<msg time="2025-12-24T21:14:27.193382" level="INFO">Slept 5 seconds.</msg>
<arg>5s</arg>
<doc>Pauses the test executed for the given time.</doc>
<status status="PASS" start="2025-12-24T21:14:22.193070" elapsed="5.000312"/>
</kw>
<kw name="Close Browser" owner="SeleniumLibrary">
<doc>Closes the current browser.</doc>
<status status="PASS" start="2025-12-24T21:14:27.193382" elapsed="2.098257"/>
</kw>
<status status="PASS" start="2025-12-24T21:14:21.744946" elapsed="7.546693"/>
</test>
<test id="s1-t3" name="Open Workshop Register Page" line="27">
<kw name="Open Browser" owner="SeleniumLibrary">
<msg time="2025-12-24T21:14:29.294632" level="INFO">Opening browser 'chrome' to base url 'http://localhost:7272/Lab4/Registration.html'.</msg>
<arg>${URL}</arg>
<arg>${BROWSER}</arg>
<doc>Opens a new browser instance to the optional ``url``.</doc>
<status status="PASS" start="2025-12-24T21:14:29.293637" elapsed="1.296942"/>
</kw>
<status status="PASS" start="2025-12-24T21:14:29.292632" elapsed="1.298957"/>
</test>
<test id="s1-t4" name="Register Success No Organization Info" line="30">
<kw name="Input Text" owner="SeleniumLibrary">
<msg time="2025-12-24T21:14:30.592588" level="INFO">Typing text 'Somyod' into text field 'id=firstname'.</msg>
<arg>id=firstname</arg>
<arg>${FIRSTNAME}</arg>
<doc>Types the given ``text`` into the text field identified by ``locator``.</doc>
<status status="PASS" start="2025-12-24T21:14:30.592588" elapsed="0.107218"/>
</kw>
<kw name="Input Text" owner="SeleniumLibrary">
<msg time="2025-12-24T21:14:30.699806" level="INFO">Typing text 'Sodsai' into text field 'id=lastname'.</msg>
<arg>id=lastname</arg>
<arg>${LASTNAME}</arg>
<doc>Types the given ``text`` into the text field identified by ``locator``.</doc>
<status status="PASS" start="2025-12-24T21:14:30.699806" elapsed="0.073251"/>
</kw>
<kw name="Input Text" owner="SeleniumLibrary">
<msg time="2025-12-24T21:14:30.774566" level="INFO">Typing text 'somyod@kkumail.com' into text field 'id=email'.</msg>
<arg>id=email</arg>
<arg>${EMAIL}</arg>
<doc>Types the given ``text`` into the text field identified by ``locator``.</doc>
<status status="PASS" start="2025-12-24T21:14:30.774566" elapsed="0.085973"/>
</kw>
<kw name="Input Text" owner="SeleniumLibrary">
<msg time="2025-12-24T21:14:30.861545" level="INFO">Typing text '091-001-1234' into text field 'id=phone'.</msg>
<arg>id=phone</arg>
<arg>${PHONE}</arg>
<doc>Types the given ``text`` into the text field identified by ``locator``.</doc>
<status status="PASS" start="2025-12-24T21:14:30.861545" elapsed="0.079025"/>
</kw>
<kw name="Click Button" owner="SeleniumLibrary">
<msg time="2025-12-24T21:14:30.940570" level="INFO">Clicking button 'id=registerButton'.</msg>
<arg>id=registerButton</arg>
<doc>Clicks the button identified by ``locator``.</doc>
<status status="PASS" start="2025-12-24T21:14:30.940570" elapsed="0.112057"/>
</kw>
<kw name="Sleep" owner="BuiltIn">
<msg time="2025-12-24T21:14:36.054047" level="INFO">Slept 5 seconds.</msg>
<arg>5s</arg>
<doc>Pauses the test executed for the given time.</doc>
<status status="PASS" start="2025-12-24T21:14:31.053629" elapsed="5.000418"/>
</kw>
<kw name="Close Browser" owner="SeleniumLibrary">
<doc>Closes the current browser.</doc>
<status status="PASS" start="2025-12-24T21:14:36.054047" elapsed="2.121650"/>
</kw>
<status status="PASS" start="2025-12-24T21:14:30.591589" elapsed="7.585104"/>
</test>
<status status="PASS" start="2025-12-24T21:14:20.359245" elapsed="17.817448"/>
</suite>
<statistics>
<total>
<stat pass="4" fail="0" skip="0">All Tests</stat>
</total>
<tag>
</tag>
<suite>
<stat name="Register Success" id="s1" pass="4" fail="0" skip="0">Register Success</stat>
</suite>
</statistics>
<errors>
<msg time="2025-12-24T21:14:29.292632" level="WARN">Multiple tests with name 'Open Workshop Register Page' executed in suite 'Register Success'.</msg>
</errors>
</robot>
