<?xml version="1.0" encoding="UTF-8"?>
<robot generator="Robot 7.4.1 (Python 3.11.9 on win32)" generated="2025-12-24T20:16:06.076438" rpa="false" schemaversion="5">
<suite id="s1" name="Empty Email" source="D:\KKU3-2\SE\LAB4_GIT\TestAutomationLab\Lab4\Empty_Email\Empty_Email.robot">
<test id="s1-t1" name="Open Workshop Register Page" line="13">
<kw name="Open Browser" owner="SeleniumLibrary">
<msg time="2025-12-24T20:16:06.247934" level="INFO">Opening browser 'chrome' to base url 'http://localhost:7272/Lab4/Registration.html'.</msg>
<arg>${URL}</arg>
<arg>${BROWSER}</arg>
<doc>Opens a new browser instance to the optional ``url``.</doc>
<status status="PASS" start="2025-12-24T20:16:06.247934" elapsed="1.220114"/>
</kw>
<status status="PASS" start="2025-12-24T20:16:06.246757" elapsed="1.221291"/>
</test>
<test id="s1-t2" name="Register Fail Empty Email" line="16">
<kw name="Input Text" owner="SeleniumLibrary">
<msg time="2025-12-24T20:16:07.469940" level="INFO">Typing text 'Somyod' into text field 'id=firstname'.</msg>
<arg>id=firstname</arg>
<arg>${FIRSTNAME}</arg>
<doc>Types the given ``text`` into the text field identified by ``locator``.</doc>
<status status="PASS" start="2025-12-24T20:16:07.469940" elapsed="0.098004"/>
</kw>
<kw name="Input Text" owner="SeleniumLibrary">
<msg time="2025-12-24T20:16:07.567944" level="INFO">Typing text 'Sodsai' into text field 'id=lastname'.</msg>
<arg>id=lastname</arg>
<arg>${LASTNAME}</arg>
<doc>Types the given ``text`` into the text field identified by ``locator``.</doc>
<status status="PASS" start="2025-12-24T20:16:07.567944" elapsed="0.068283"/>
</kw>
<kw name="Input Text" owner="SeleniumLibrary">
<msg time="2025-12-24T20:16:07.636227" level="INFO">Typing text 'CS KKU' into text field 'id=organization'.</msg>
<arg>id=organization</arg>
<arg>${ORGANNIZATION}</arg>
<doc>Types the given ``text`` into the text field identified by ``locator``.</doc>
<status status="PASS" start="2025-12-24T20:16:07.636227" elapsed="0.063603"/>
</kw>
<kw name="Input Text" owner="SeleniumLibrary">
<msg time="2025-12-24T20:16:07.699830" level="INFO">Typing text '091-001-1234' into text field 'id=phone'.</msg>
<arg>id=phone</arg>
<arg>${PHONE}</arg>
<doc>Types the given ``text`` into the text field identified by ``locator``.</doc>
<status status="PASS" start="2025-12-24T20:16:07.699830" elapsed="0.076806"/>
</kw>
<kw name="Click Button" owner="SeleniumLibrary">
<msg time="2025-12-24T20:16:07.776636" level="INFO">Clicking button 'id=registerButton'.</msg>
<arg>id=registerButton</arg>
<doc>Clicks the button identified by ``locator``.</doc>
<status status="PASS" start="2025-12-24T20:16:07.776636" elapsed="0.063543"/>
</kw>
<kw name="Sleep" owner="BuiltIn">
<msg time="2025-12-24T20:16:12.841546" level="INFO">Slept 5 seconds.</msg>
<arg>5s</arg>
<doc>Pauses the test executed for the given time.</doc>
<status status="PASS" start="2025-12-24T20:16:07.840179" elapsed="5.001367"/>
</kw>
<kw name="Close Browser" owner="SeleniumLibrary">
<doc>Closes the current browser.</doc>
<status status="PASS" start="2025-12-24T20:16:12.841546" elapsed="2.087479"/>
</kw>
<status status="PASS" start="2025-12-24T20:16:07.468048" elapsed="7.461293"/>
</test>
<status status="PASS" start="2025-12-24T20:16:06.076438" elapsed="8.853666"/>
</suite>
<statistics>
<total>
<stat pass="2" fail="0" skip="0">All Tests</stat>
</total>
<tag>
</tag>
<suite>
<stat name="Empty Email" id="s1" pass="2" fail="0" skip="0">Empty Email</stat>
</suite>
</statistics>
<errors>
</errors>
</robot>
